Arguments: 
  /Users/christopher.mills/.nvm/versions/node/v12.17.0/bin/node /usr/local/Cellar/yarn/1.22.4/libexec/bin/yarn.js add --dev cspell

PATH: 
  /Users/christopher.mills/.nvm/versions/node/v12.17.0/bin:/Users/christopher.mills/.rbenv/shims:/Users/christopher.mills/.poetry/bin:/Users/christopher.mills/OneDrive/OneDrive\ -\ The\ Engine\ Group/go/bin:~/.rbenv/shims:/Users/christopher.mills/.ebcli-virtual-env/executables:~/bin:/Users/christopher.mills/.pyenv/versions/3.7.2/bin:/Users/christopher.mills/.poetry/bin:/Users/christopher.mills/.krew/bin:/usr/local/bin:/usr/local/sbin:/usr/local/aws/bin:/Users/christopher.mills/Downloads/google-cloud-sdk/bin:/Users/christopher.mills/.nvm/versions/node/v12.17.0/bin:/Users/christopher.mills/.rbenv/shims:/Users/christopher.mills/.poetry/bin:/bin:~/.rbenv/shims:/Users/christopher.mills/.ebcli-virtual-env/executables:~/bin:/Users/christopher.mills/.pyenv/versions/3.7.2/bin:/Users/christopher.mills/.poetry/bin:/Users/christopher.mills/.krew/bin:/usr/local/bin:/usr/local/sbin:/usr/local/aws/bin:/usr/local/bin:/usr/bin:/bin:/usr/sbin:/sbin:/usr/local/MacGPG2/bin:/opt/X11/bin:/Applications/Wireshark.app/Contents/MacOS:/usr/local/opt/fzf/bin

Yarn version: 
  1.22.4

Node version: 
  12.17.0

Platform: 
  darwin x64

Trace: 
  SyntaxError: /Users/christopher.mills/Code/projects/product-development/helpcentre/package.json: Unexpected token } in JSON at position 218
      at JSON.parse (<anonymous>)
      at /usr/local/Cellar/yarn/1.22.4/libexec/lib/cli.js:1625:59
      at Generator.next (<anonymous>)
      at step (/usr/local/Cellar/yarn/1.22.4/libexec/lib/cli.js:310:30)
      at /usr/local/Cellar/yarn/1.22.4/libexec/lib/cli.js:321:13

npm manifest: 
  {
    "name": "helpcentre",
    "version": "1.0.0",
    "description": "",
    "scripts": {
      "lint:prettier": "prettier \"**/*.{md,json,yml,html,css}\" --check",
      "lint:spellcheck": "cspell \"**/*\" \".github/**/*\"",
    },
    "repository": {
      "type": "git",
      "url": "git+https://github.com/et-research-ops/helpcentre.git"
    },
    "devDependencies": {
      "prettier": "^2.0.5"
    }
  }

yarn manifest: 
  No manifest

Lockfile: 
  # THIS IS AN AUTOGENERATED FILE. DO NOT EDIT THIS FILE DIRECTLY.
  # yarn lockfile v1
  
  
  prettier@^2.0.5:
    version "2.0.5"
    resolved "https://registry.yarnpkg.com/prettier/-/prettier-2.0.5.tgz#d6d56282455243f2f92cc1716692c08aa31522d4"
    integrity sha512-7PtVymN48hGcO4fGjybyBSIWDsLU4H4XlvOHfq91pz9kkGlonzwTfYkaIEwiRg/dAJF9YlbsduBAgtYLi+8cFg==
